<?xml version="1.0" encoding="UTF-8"?>
<!-- Generated by org.testng.reporters.JUnitReportReporter -->
<testsuite hostname="DESKTOP-VAQKFJ2" failures="0" tests="1" name="com.zoho.mail.Escalation_WhatsApp_Mail_Call_Excel2" time="172.254" errors="0" timestamp="2024-08-31T16:07:01 IST" skipped="0">
  <testcase classname="com.zoho.mail.Escalation_WhatsApp_Mail_Call_Excel2" name="run" time="172.254"/>
  <system-out/>
</testsuite> <!-- com.zoho.mail.Escalation_WhatsApp_Mail_Call_Excel2 -->
